Using pre-set license
Built from '2021.3/staging' branch; Version is '2021.3.26f1 (a16dc32e0ff2) revision 10579395'; Using compiler version '192829333'; Build Type 'Release'
OS: 'Windows 10  (10.0.19044) 64bit Professional' Language: 'ru' Physical Memory: 15740 MB
BatchMode: 1, IsHumanControllingUs: 0, StartBugReporterOnCrash: 0, Is64bit: 1, IsPro: 1

COMMAND LINE ARGUMENTS:
C:\Program Files\Unity\Hub\Editor\2021.3.26f1\Editor\Unity.exe
-adb2
-batchMode
-noUpm
-name
AssetImportWorker6
-projectPath
D:/programs/Fork/Ukrainian-Adventures-The-Way-of-the-Traveler
-logFile
Logs/AssetImportWorker6.log
-srvPort
64962
Successfully changed project path to: D:/programs/Fork/Ukrainian-Adventures-The-Way-of-the-Traveler
D:/programs/Fork/Ukrainian-Adventures-The-Way-of-the-Traveler
[UnityMemory] Configuration Parameters - Can be set up in boot.config
    "memorysetup-bucket-allocator-granularity=16"
    "memorysetup-bucket-allocator-bucket-count=8"
    "memorysetup-bucket-allocator-block-size=33554432"
    "memorysetup-bucket-allocator-block-count=8"
    "memorysetup-main-allocator-block-size=16777216"
    "memorysetup-thread-allocator-block-size=16777216"
    "memorysetup-gfx-main-allocator-block-size=16777216"
    "memorysetup-gfx-thread-allocator-block-size=16777216"
    "memorysetup-cache-allocator-block-size=4194304"
    "memorysetup-typetree-allocator-block-size=2097152"
    "memorysetup-profiler-bucket-allocator-granularity=16"
    "memorysetup-profiler-bucket-allocator-bucket-count=8"
    "memorysetup-profiler-bucket-allocator-block-size=33554432"
    "memorysetup-profiler-bucket-allocator-block-count=8"
    "memorysetup-profiler-allocator-block-size=16777216"
    "memorysetup-profiler-editor-allocator-block-size=1048576"
    "memorysetup-temp-allocator-size-main=16777216"
    "memorysetup-job-temp-allocator-block-size=2097152"
    "memorysetup-job-temp-allocator-block-size-background=1048576"
    "memorysetup-job-temp-allocator-reduction-small-platforms=262144"
    "memorysetup-temp-allocator-size-background-worker=32768"
    "memorysetup-temp-allocator-size-job-worker=262144"
    "memorysetup-temp-allocator-size-preload-manager=33554432"
    "memorysetup-temp-allocator-size-nav-mesh-worker=65536"
    "memorysetup-temp-allocator-size-audio-worker=65536"
    "memorysetup-temp-allocator-size-cloud-worker=32768"
    "memorysetup-temp-allocator-size-gi-baking-worker=262144"
    "memorysetup-temp-allocator-size-gfx=262144"
Player connection [15780] Host "[IP] 192.168.31.140 [Port] 0 [Flags] 2 [Guid] 1469048547 [EditorId] 1469048547 [Version] 1048832 [Id] WindowsEditor(7,WIN-45JBRO8NUV2) [Debug] 1 [PackageName] WindowsEditor [ProjectName] Editor" joined multi-casting on [225.0.0.222:54997]...

Player connection [15780] Host "[IP] 192.168.31.140 [Port] 0 [Flags] 2 [Guid] 1469048547 [EditorId] 1469048547 [Version] 1048832 [Id] WindowsEditor(7,WIN-45JBRO8NUV2) [Debug] 1 [PackageName] WindowsEditor [ProjectName] Editor" joined alternative multi-casting on [225.0.0.222:34997]...

Refreshing native plugins compatible for Editor in 50.20 ms, found 3 plugins.
Preloading 0 native plugins for Editor in 0.00 ms.
Initialize engine version: 2021.3.26f1 (a16dc32e0ff2)
[Subsystems] Discovering subsystems at path C:/Program Files/Unity/Hub/Editor/2021.3.26f1/Editor/Data/Resources/UnitySubsystems
[Subsystems] Discovering subsystems at path D:/programs/Fork/Ukrainian-Adventures-The-Way-of-the-Traveler/Assets
GfxDevice: creating device client; threaded=0; jobified=0
Direct3D:
    Version:  Direct3D 11.0 [level 11.1]
    Renderer: AMD Radeon(TM) Graphics (ID=0x1638)
    Vendor:   ATI
    VRAM:     7870 MB
    Driver:   31.0.14057.5006
Initialize mono
Mono path[0] = 'C:/Program Files/Unity/Hub/Editor/2021.3.26f1/Editor/Data/Managed'
Mono path[1] = 'C:/Program Files/Unity/Hub/Editor/2021.3.26f1/Editor/Data/MonoBleedingEdge/lib/mono/unityjit-win32'
Mono config path = 'C:/Program Files/Unity/Hub/Editor/2021.3.26f1/Editor/Data/MonoBleedingEdge/etc'
Using monoOptions --debugger-agent=transport=dt_socket,embedding=1,server=y,suspend=n,address=127.0.0.1:56556
Begin MonoManager ReloadAssembly
Registering precompiled unity dll's ...
Register platform support module: C:/Program Files/Unity/Hub/Editor/2021.3.26f1/Editor/Data/PlaybackEngines/WindowsStandaloneSupport/UnityEditor.WindowsStandalone.Extensions.dll
Registered in 0.004959 seconds.
Native extension for WindowsStandalone target not found
Refreshing native plugins compatible for Editor in 50.21 ms, found 3 plugins.
Preloading 0 native plugins for Editor in 0.00 ms.
Mono: successfully reloaded assembly
- Completed reload, in  0.462 seconds
Domain Reload Profiling:
	ReloadAssembly (462ms)
		BeginReloadAssembly (63ms)
			ExecutionOrderSort (0ms)
			DisableScriptedObjects (0ms)
			BackupInstance (0ms)
			ReleaseScriptingObjects (0ms)
			CreateAndSetChildDomain (1ms)
		EndReloadAssembly (326ms)
			LoadAssemblies (62ms)
			RebuildTransferFunctionScriptingTraits (0ms)
			SetupTypeCache (70ms)
			ReleaseScriptCaches (0ms)
			RebuildScriptCaches (19ms)
			SetupLoadedEditorAssemblies (200ms)
				LogAssemblyErrors (0ms)
				InitializePlatformSupportModulesInManaged (6ms)
				SetLoadedEditorAssemblies (0ms)
				RefreshPlugins (50ms)
				BeforeProcessingInitializeOnLoad (1ms)
				ProcessInitializeOnLoadAttributes (106ms)
				ProcessInitializeOnLoadMethodAttributes (36ms)
				AfterProcessingInitializeOnLoad (0ms)
				EditorAssembliesLoaded (0ms)
			ExecutionOrderSort2 (0ms)
			AwakeInstancesAfterBackupRestoration (0ms)
Platform modules already initialized, skipping
Registering precompiled user dll's ...
Registered in 0.002313 seconds.
Begin MonoManager ReloadAssembly
Symbol file LoadedFromMemory doesn't match image D:\programs\Fork\Ukrainian-Adventures-The-Way-of-the-Traveler\Library\PackageCache\com.unity.visualscripting@1.8.0\Editor\VisualScripting.Core\Dependencies\YamlDotNet\Unity.VisualScripting.YamlDotNet.dll
Symbol file LoadedFromMemory doesn't match image D:\programs\Fork\Ukrainian-Adventures-The-Way-of-the-Traveler\Library\PackageCache\com.unity.visualscripting@1.8.0\Editor\VisualScripting.Core\Dependencies\DotNetZip\Unity.VisualScripting.IonicZip.dll
Native extension for WindowsStandalone target not found
Refreshing native plugins compatible for Editor in 0.49 ms, found 3 plugins.
Preloading 0 native plugins for Editor in 0.00 ms.
Mono: successfully reloaded assembly
- Completed reload, in  0.681 seconds
Domain Reload Profiling:
	ReloadAssembly (681ms)
		BeginReloadAssembly (90ms)
			ExecutionOrderSort (0ms)
			DisableScriptedObjects (5ms)
			BackupInstance (0ms)
			ReleaseScriptingObjects (0ms)
			CreateAndSetChildDomain (16ms)
		EndReloadAssembly (513ms)
			LoadAssemblies (61ms)
			RebuildTransferFunctionScriptingTraits (0ms)
			SetupTypeCache (150ms)
			ReleaseScriptCaches (0ms)
			RebuildScriptCaches (34ms)
			SetupLoadedEditorAssemblies (248ms)
				LogAssemblyErrors (0ms)
				InitializePlatformSupportModulesInManaged (4ms)
				SetLoadedEditorAssemblies (0ms)
				RefreshPlugins (1ms)
				BeforeProcessingInitializeOnLoad (53ms)
				ProcessInitializeOnLoadAttributes (168ms)
				ProcessInitializeOnLoadMethodAttributes (15ms)
				AfterProcessingInitializeOnLoad (6ms)
				EditorAssembliesLoaded (0ms)
			ExecutionOrderSort2 (0ms)
			AwakeInstancesAfterBackupRestoration (4ms)
Platform modules already initialized, skipping
========================================================================
Worker process is ready to serve import requests
Launched and connected shader compiler UnityShaderCompiler.exe after 0.03 seconds
Refreshing native plugins compatible for Editor in 0.46 ms, found 3 plugins.
Preloading 0 native plugins for Editor in 0.00 ms.
Unloading 3101 Unused Serialized files (Serialized files now loaded: 0)
Unloading 33 unused Assets / (1.3 MB). Loaded Objects now: 3555.
Memory consumption went from 117.9 MB to 116.7 MB.
Total: 2.650000 ms (FindLiveObjects: 0.199100 ms CreateObjectMapping: 0.130900 ms MarkObjects: 2.100500 ms  DeleteObjects: 0.218700 ms)

AssetImportParameters requested are different than current active one (requested -> active):
  custom:video-decoder-ogg-theora: a1e56fd34408186e4bbccfd4996cb3dc -> 
  custom:container-muxer-webm: aa71ff27fc2769a1b78a27578f13a17b -> 
  custom:container-demuxer-webm: 4f35f7cbe854078d1ac9338744f61a02 -> 
  custom:video-encoder-webm-vp8: eb34c28f22e8b96e1ab97ce403110664 -> 
  custom:audio-encoder-webm-vorbis: bf7c407c2cedff20999df2af8eb42d56 -> 
  custom:framework-win-MediaFoundation: 216162199b28c13a410421893ffa2e32 -> 
  custom:container-demuxer-ogg: 62fdf1f143b41e24485cea50d1cbac27 -> 
  custom:video-decoder-webm-vp8: 9c59270c3fd7afecdb556c50c9e8de78 -> 
  custom:audio-decoder-ogg-vorbis: bf7c407c2cedff20999df2af8eb42d56 -> 
========================================================================
Received Import Request.
  Time since last request: 105907.649055 seconds.
  path: Assets/Models/Seller/source/Seller.prefab
  artifactKey: Guid(741a5404ea79d354c85015aa6908b362) Importer(815301076,1909f56bfc062723c751e8b465ee728b)
Start importing Assets/Models/Seller/source/Seller.prefab using Guid(741a5404ea79d354c85015aa6908b362) Importer(815301076,1909f56bfc062723c751e8b465ee728b)  -> (artifact id: 'bf73240fc788f917af854c9303d03b2d') in 0.091928 seconds 
========================================================================
Received Import Request.
  Time since last request: 5.108360 seconds.
  path: Assets/Models/Seller/source/Seller.prefab
  artifactKey: Guid(741a5404ea79d354c85015aa6908b362) Importer(815301076,1909f56bfc062723c751e8b465ee728b)
Start importing Assets/Models/Seller/source/Seller.prefab using Guid(741a5404ea79d354c85015aa6908b362) Importer(815301076,1909f56bfc062723c751e8b465ee728b)  -> (artifact id: '392e071852c567cc3f803e53c852b9f0') in 0.012503 seconds 
========================================================================
Received Import Request.
  Time since last request: 70.202382 seconds.
  path: Assets/Models/Seller/source/Seller.prefab
  artifactKey: Guid(741a5404ea79d354c85015aa6908b362) Importer(815301076,1909f56bfc062723c751e8b465ee728b)
Start importing Assets/Models/Seller/source/Seller.prefab using Guid(741a5404ea79d354c85015aa6908b362) Importer(815301076,1909f56bfc062723c751e8b465ee728b)  -> (artifact id: '5b2813301b9005724f5ba7d5c7830d8d') in 0.011897 seconds 
========================================================================
Received Import Request.
  Time since last request: 113.796645 seconds.
  path: Assets/Models/Seller/source/Seller.prefab
  artifactKey: Guid(741a5404ea79d354c85015aa6908b362) Importer(815301076,1909f56bfc062723c751e8b465ee728b)
Start importing Assets/Models/Seller/source/Seller.prefab using Guid(741a5404ea79d354c85015aa6908b362) Importer(815301076,1909f56bfc062723c751e8b465ee728b)  -> (artifact id: '7570734acc0bbf709e937182bdd103ce') in 0.009793 seconds 
========================================================================
Received Import Request.
  Time since last request: 5.004452 seconds.
  path: Assets/Models/Seller/source/Seller.prefab
  artifactKey: Guid(741a5404ea79d354c85015aa6908b362) Importer(815301076,1909f56bfc062723c751e8b465ee728b)
Start importing Assets/Models/Seller/source/Seller.prefab using Guid(741a5404ea79d354c85015aa6908b362) Importer(815301076,1909f56bfc062723c751e8b465ee728b)  -> (artifact id: '2cc0fe4bf6af3e5863adaee5d55555df') in 0.014003 seconds 
